-----------------Started Test loginPage()--------------------
-----------------End Test loginPage()--------------------
-----------------Started Test loginPage()--------------------
Clicked on signIn using Object  :[[ChromeDriver: chrome on XP (1027b1b1579e6b46abb21b03d7c69e1e)] -> link text: Sign in]
Entered User as qaautomation@gail.comby using object [[ChromeDriver: chrome on XP (1027b1b1579e6b46abb21b03d7c69e1e)] -> id: email]
Entered password as passwordby using object[[ChromeDriver: chrome on XP (1027b1b1579e6b46abb21b03d7c69e1e)] -> id: passwd]
Clicked on submit button by using object [[ChromeDriver: chrome on XP (1027b1b1579e6b46abb21b03d7c69e1e)] -> id: SubmitLogin]
-----------------End Test loginPage()--------------------
-----------------Started Test loginPage()--------------------
Clicked on signIn using Object  :[[ChromeDriver: chrome on XP (b23447f15625290341ab9ef49b2849ba)] -> link text: Sign in]
Entered User as qaautomation@gail.comby using object [[ChromeDriver: chrome on XP (b23447f15625290341ab9ef49b2849ba)] -> id: email]
Entered password as passwordby using object[[ChromeDriver: chrome on XP (b23447f15625290341ab9ef49b2849ba)] -> id: passwd]
Clicked on submit button by using object [[ChromeDriver: chrome on XP (b23447f15625290341ab9ef49b2849ba)] -> id: SubmitLogin]
-----------------End Test loginPage()--------------------
-----------------Started Test loginPage()--------------------
Clicked on signIn using Object  :[[ChromeDriver: chrome on XP (6e71c1ec54100d2a4782cdcfb42a35db)] -> link text: Sign in]
Entered User as qaautomation@gail.comby using object [[ChromeDriver: chrome on XP (6e71c1ec54100d2a4782cdcfb42a35db)] -> id: email]
Entered password as passwordby using object[[ChromeDriver: chrome on XP (6e71c1ec54100d2a4782cdcfb42a35db)] -> id: passwd]
Clicked on submit button by using object [[ChromeDriver: chrome on XP (6e71c1ec54100d2a4782cdcfb42a35db)] -> id: SubmitLogin]
-----------------End Test loginPage()--------------------
-----------------Started Test loginPage()--------------------
Clicked on signIn using Object  :[[ChromeDriver: chrome on XP (2fef675378b3ed4bac21c4806445e986)] -> link text: Sign in]
Entered User as qaautomation@gail.comby using object [[ChromeDriver: chrome on XP (2fef675378b3ed4bac21c4806445e986)] -> id: email]
Entered password as passwordby using object[[ChromeDriver: chrome on XP (2fef675378b3ed4bac21c4806445e986)] -> id: passwd]
Clicked on submit button by using object [[ChromeDriver: chrome on XP (2fef675378b3ed4bac21c4806445e986)] -> id: SubmitLogin]
-----------------End Test loginPage()--------------------
-----------------Started Test loginPage()--------------------
Clicked on signIn using Object  :[[ChromeDriver: chrome on XP (44472c0bd80f3e279e9a50353cf48593)] -> link text: Sign in]
Entered User as qaautomation@gail.comby using object [[ChromeDriver: chrome on XP (44472c0bd80f3e279e9a50353cf48593)] -> id: email]
Entered password as passwordby using object[[ChromeDriver: chrome on XP (44472c0bd80f3e279e9a50353cf48593)] -> id: passwd]
Clicked on submit button by using object [[ChromeDriver: chrome on XP (44472c0bd80f3e279e9a50353cf48593)] -> id: SubmitLogin]
-----------------End Test loginPage()--------------------
-----------------Started Test loginPage()--------------------
Clicked on signIn using Object  :[[ChromeDriver: chrome on XP (b33c52aa9ce1cdf598cab2fd1b3ca8af)] -> link text: Sign in]
Entered User as qaautomation@gail.comby using object [[ChromeDriver: chrome on XP (b33c52aa9ce1cdf598cab2fd1b3ca8af)] -> id: email]
-----------------Started Test loginPage()--------------------
Clicked on signIn using Object  :[[ChromeDriver: chrome on XP (a17e7c01781712adb99c2b5fd2561043)] -> link text: Sign in]
Entered User as qaautomation@gail.comby using object [[ChromeDriver: chrome on XP (a17e7c01781712adb99c2b5fd2561043)] -> id: email]
-----------------Started Test loginPage()--------------------
Clicked on signIn using Object  :[[ChromeDriver: chrome on XP (67c7e6be13e18c8635edf1eb86525ea8)] -> link text: Sign in]
Entered User as qaautomation@gail.comby using object [[ChromeDriver: chrome on XP (67c7e6be13e18c8635edf1eb86525ea8)] -> id: email]
-----------------Started Test loginPage()--------------------
Clicked on signIn using Object  :[[ChromeDriver: chrome on XP (32ab60f0d6881f3432001c52d96e0c61)] -> link text: Sign in]
Entered User as qaautomation@gail.comby using object [[ChromeDriver: chrome on XP (32ab60f0d6881f3432001c52d96e0c61)] -> id: email]
Proxy element for: DefaultElementLocator 'By.id: passw'
org.openqa.selenium.NoSuchElementException: no such element: Unable to locate element: {"method":"id","selector":"passw"}
  (Session info: chrome=64.0.3282.186)
  (Driver info: chromedriver=2.33.506120 (e3e53437346286c0bc2d2dc9aa4915ba81d9023f),platform=Windows NT 10.0.16299 x86_64) (WARNING: The server did not provide any stacktrace information)
Command duration or timeout: 0 milliseconds
For documentation on this error, please visit: http://seleniumhq.org/exceptions/no_such_element.html
Build info: version: '3.9.1', revision: '63f7b50', time: '2018-02-07T22:25:02.294Z'
System info: host: 'DESKTOP-2PVPGVB', ip: '192.168.1.2', os.name: 'Windows 10', os.arch: 'amd64', os.version: '10.0', java.version: '1.8.0_162'
Driver info: org.openqa.selenium.chrome.ChromeDriver
Capabilities {acceptSslCerts: true, applicationCacheEnabled: false, browserConnectionEnabled: false, browserName: chrome, chrome: {chromedriverVersion: 2.33.506120 (e3e53437346286..., userDataDir: C:\Users\RAVIKA~1\AppData\L...}, cssSelectorsEnabled: true, databaseEnabled: false, handlesAlerts: true, hasTouchScreen: false, javascriptEnabled: true, locationContextEnabled: true, mobileEmulationEnabled: false, nativeEvents: true, networkConnectionEnabled: false, pageLoadStrategy: normal, platform: XP, platformName: XP, rotatable: false, setWindowRect: true, takesHeapSnapshot: true, takesScreenshot: true, unexpectedAlertBehaviour: , unhandledPromptBehavior: , version: 64.0.3282.186, webStorageEnabled: true}
Session ID: 32ab60f0d6881f3432001c52d96e0c61
*** Element info: {Using=id, value=passw}
	at sun.reflect.NativeConstructorAccessorImpl.newInstance0(Native Method)
	at sun.reflect.NativeConstructorAccessorImpl.newInstance(NativeConstructorAccessorImpl.java:62)
	at sun.reflect.DelegatingConstructorAccessorImpl.newInstance(DelegatingConstructorAccessorImpl.java:45)
	at java.lang.reflect.Constructor.newInstance(Constructor.java:423)
	at org.openqa.selenium.remote.ErrorHandler.createThrowable(ErrorHandler.java:214)
	at org.openqa.selenium.remote.ErrorHandler.throwIfResponseFailed(ErrorHandler.java:166)
	at org.openqa.selenium.remote.http.JsonHttpResponseCodec.reconstructValue(JsonHttpResponseCodec.java:40)
	at org.openqa.selenium.remote.http.AbstractHttpResponseCodec.decode(AbstractHttpResponseCodec.java:80)
	at org.openqa.selenium.remote.http.AbstractHttpResponseCodec.decode(AbstractHttpResponseCodec.java:44)
	at org.openqa.selenium.remote.HttpCommandExecutor.execute(HttpCommandExecutor.java:160)
	at org.openqa.selenium.remote.service.DriverCommandExecutor.execute(DriverCommandExecutor.java:83)
	at org.openqa.selenium.remote.RemoteWebDriver.execute(RemoteWebDriver.java:601)
	at org.openqa.selenium.remote.RemoteWebDriver.findElement(RemoteWebDriver.java:371)
	at org.openqa.selenium.remote.RemoteWebDriver.findElementById(RemoteWebDriver.java:417)
	at org.openqa.selenium.By$ById.findElement(By.java:218)
	at org.openqa.selenium.remote.RemoteWebDriver.findElement(RemoteWebDriver.java:363)
	at org.openqa.selenium.support.pagefactory.DefaultElementLocator.findElement(DefaultElementLocator.java:69)
	at org.openqa.selenium.support.pagefactory.internal.LocatingElementHandler.invoke(LocatingElementHandler.java:38)
	at com.sun.proxy.$Proxy9.sendKeys(Unknown Source)
	at com.page.objectmodel.PageObjectpProject.LoginHPage.ePassword(LoginHPage.java:62)
	at com.page.objectmodel.PageObjectpProject.LoginHPage.loginToApplication1(LoginHPage.java:88)
	at com.page.objectmodel.PageObjectpProject.TC001_Login.loginPage(TC001_Login.java:38)
	at sun.reflect.NativeMethodAccessorImpl.invoke0(Native Method)
	at sun.reflect.NativeMethodAccessorImpl.invoke(NativeMethodAccessorImpl.java:62)
	at sun.reflect.DelegatingMethodAccessorImpl.invoke(DelegatingMethodAccessorImpl.java:43)
	at java.lang.reflect.Method.invoke(Method.java:498)
	at org.testng.internal.MethodInvocationHelper.invokeMethod(MethodInvocationHelper.java:108)
	at org.testng.internal.Invoker.invokeMethod(Invoker.java:661)
	at org.testng.internal.Invoker.invokeTestMethod(Invoker.java:869)
	at org.testng.internal.Invoker.invokeTestMethods(Invoker.java:1193)
	at org.testng.internal.TestMethodWorker.invokeTestMethods(TestMethodWorker.java:126)
	at org.testng.internal.TestMethodWorker.run(TestMethodWorker.java:109)
	at org.testng.TestRunner.privateRun(TestRunner.java:744)
	at org.testng.TestRunner.run(TestRunner.java:602)
	at org.testng.SuiteRunner.runTest(SuiteRunner.java:380)
	at org.testng.SuiteRunner.runSequentially(SuiteRunner.java:375)
	at org.testng.SuiteRunner.privateRun(SuiteRunner.java:340)
	at org.testng.SuiteRunner.run(SuiteRunner.java:289)
	at org.testng.SuiteRunnerWorker.runSuite(SuiteRunnerWorker.java:52)
	at org.testng.SuiteRunnerWorker.run(SuiteRunnerWorker.java:86)
	at org.testng.TestNG.runSuitesSequentially(TestNG.java:1301)
	at org.testng.TestNG.runSuitesLocally(TestNG.java:1226)
	at org.testng.TestNG.runSuites(TestNG.java:1144)
	at org.testng.TestNG.run(TestNG.java:1115)
	at org.testng.remote.AbstractRemoteTestNG.run(AbstractRemoteTestNG.java:114)
	at org.testng.remote.RemoteTestNG.initAndRun(RemoteTestNG.java:251)
	at org.testng.remote.RemoteTestNG.main(RemoteTestNG.java:77)
Clicked on submit button by using object [[ChromeDriver: chrome on XP (32ab60f0d6881f3432001c52d96e0c61)] -> id: SubmitLogin]
